<?xml version="1.0" encoding="UTF-8"?>
<!-- Generated by org.testng.reporters.JUnitReportReporter -->
<testsuite hostname="kumar" failures="0" tests="2" name="com.Ecommerce.Test.ErrorValidationTest" time="40.689" errors="0" timestamp="2022-10-28T10:45:17 IST" skipped="0">
  <testcase classname="com.Ecommerce.Test.ErrorValidationTest" name="loginErrorValidation" time="24.633"/>
  <system-out/>
  <testcase classname="com.Ecommerce.Test.ErrorValidationTest" name="productErrorValidation" time="16.056"/>
  <system-out/>
</testsuite> <!-- com.Ecommerce.Test.ErrorValidationTest -->
