<?xml version="1.0" encoding="UTF-8"?>
<!-- Generated by org.testng.reporters.JUnitReportReporter -->
<testsuite hostname="kumar" failures="0" tests="2" name="com.Ecommerce.Test.PurchaseOrderTest" time="35.864" errors="0" timestamp="2022-11-08T11:11:03 IST" skipped="0">
  <testcase classname="com.Ecommerce.Test.PurchaseOrderTest" name="purchaseProduct" time="16.538"/>
  <system-out/>
  <testcase classname="com.Ecommerce.Test.PurchaseOrderTest" name="purchaseProduct" time="19.326"/>
  <system-out/>
</testsuite> <!-- com.Ecommerce.Test.PurchaseOrderTest -->
