<?xml version="1.0" encoding="UTF-8"?>
<!-- Generated by org.testng.reporters.JUnitReportReporter -->
<testsuite hostname="kumar" failures="0" tests="4" name="com.Ecommerce.Test.SubmitOrderTest" time="78.948" errors="0" timestamp="2022-10-28T10:45:17 IST" skipped="0">
  <testcase classname="com.Ecommerce.Test.SubmitOrderTest" name="verifyOrderdProductName" time="20.473"/>
  <system-out/>
  <testcase classname="com.Ecommerce.Test.SubmitOrderTest" name="verifyOrderdProductName" time="22.278"/>
  <system-out/>
  <testcase classname="com.Ecommerce.Test.SubmitOrderTest" name="submitOrder" time="16.058"/>
  <system-out/>
  <testcase classname="com.Ecommerce.Test.SubmitOrderTest" name="submitOrder" time="20.139"/>
  <system-out/>
</testsuite> <!-- com.Ecommerce.Test.SubmitOrderTest -->
