<?xml version="1.0" encoding="UTF-8"?>
<!-- Generated by org.testng.reporters.JUnitReportReporter -->
<testsuite hostname="kumar" failures="0" tests="4" name="com.Ecommerce.SubmitOrderTest" time="79.166" errors="0" timestamp="2022-10-26T12:10:26 IST" skipped="0">
  <testcase classname="com.Ecommerce.SubmitOrderTest" name="submitOrder" time="17.365"/>
  <system-out/>
  <testcase classname="com.Ecommerce.SubmitOrderTest" name="verifyOrderdProductName" time="8.601"/>
  <system-out/>
  <testcase classname="com.Ecommerce.SubmitOrderTest" name="verifyOrderdProductName" time="20.735"/>
  <system-out/>
  <testcase classname="com.Ecommerce.SubmitOrderTest" name="submitOrder" time="32.465"/>
  <system-out/>
</testsuite> <!-- com.Ecommerce.SubmitOrderTest -->
