<?xml version="1.0" encoding="UTF-8"?>
<!-- Generated by org.testng.reporters.JUnitReportReporter -->
<testsuite hostname="kumar" failures="0" tests="2" name="com.Ecommerce.Test.PurchaseOrderTest" time="93.515" errors="0" timestamp="2022-10-31T13:49:22 IST" skipped="0">
  <testcase classname="com.Ecommerce.Test.PurchaseOrderTest" name="purchaseProduct" time="29.152"/>
  <system-out/>
  <testcase classname="com.Ecommerce.Test.PurchaseOrderTest" name="purchaseProduct" time="64.363"/>
  <system-out/>
</testsuite> <!-- com.Ecommerce.Test.PurchaseOrderTest -->
