<?xml version="1.0" encoding="UTF-8"?>
<!-- Generated by org.testng.reporters.JUnitReportReporter -->
<testsuite hostname="kumar" failures="0" tests="1" name="cucumber.TestNgTestRunner" time="53.641" errors="0" timestamp="2022-10-31T13:52:47 IST" skipped="0">
  <testcase classname="cucumber.TestNgTestRunner" name="runScenario" time="53.641"/>
  <system-out/>
</testsuite> <!-- cucumber.TestNgTestRunner -->
