<?xml version="1.0" encoding="UTF-8"?>
<!-- Generated by org.testng.reporters.JUnitReportReporter -->
<testsuite hostname="kumar" failures="0" tests="2" name="com.Ecommerce.Test.ErrorValidationTest" time="55.069" errors="0" timestamp="2022-10-31T13:49:22 IST" skipped="0">
  <testcase classname="com.Ecommerce.Test.ErrorValidationTest" name="loginErrorValidation" time="10.951"/>
  <system-out/>
  <testcase classname="com.Ecommerce.Test.ErrorValidationTest" name="productErrorValidation" time="44.118"/>
  <system-out/>
</testsuite> <!-- com.Ecommerce.Test.ErrorValidationTest -->
