<?xml version="1.0" encoding="UTF-8"?>
<!-- Generated by org.testng.reporters.JUnitReportReporter -->
<testsuite hostname="kumar" failures="0" tests="4" name="com.Ecommerce.Test.SubmitOrderTest" time="89.021" errors="0" timestamp="2022-10-31T13:49:22 IST" skipped="0">
  <testcase classname="com.Ecommerce.Test.SubmitOrderTest" name="verifyOrderdProductName" time="37.504"/>
  <system-out/>
  <testcase classname="com.Ecommerce.Test.SubmitOrderTest" name="submitOrder" time="19.596"/>
  <system-out/>
  <testcase classname="com.Ecommerce.Test.SubmitOrderTest" name="verifyOrderdProductName" time="17.408"/>
  <system-out/>
  <testcase classname="com.Ecommerce.Test.SubmitOrderTest" name="submitOrder" time="14.513"/>
  <system-out/>
</testsuite> <!-- com.Ecommerce.Test.SubmitOrderTest -->
